DEBUG [2014-04-10 04:51:38,845] edu.sjsu.cmpe.library.LibraryService: library-b - Queue name is /queue/32304.book.orders. Topic name is /topic/32304.book.computer
WARN  [2014-04-10 04:51:38,885] com.yammer.dropwizard.config.ServerFactory: 
!!!!!!!!!!!!!!!!!!!!!!!!!!!!!!!!!!!!!!!!!!!!!!!!!!!!!!!!!!!!!!!!!!!!!!!!!!!!!!!!
!!!!!!!!!!!!!!!!!!!!!!!!!!!!!!!!!!!!!!!!!!!!!!!!!!!!!!!!!!!!!!!!!!!!!!!!!!!!!!!!
!    THIS SERVICE HAS NO HEALTHCHECKS. THIS MEANS YOU WILL NEVER KNOW IF IT    !
!    DIES IN PRODUCTION, WHICH MEANS YOU WILL NEVER KNOW IF YOU'RE LETTING     !
!     YOUR USERS DOWN. YOU SHOULD ADD A HEALTHCHECK FOR EACH DEPENDENCY OF     !
!     YOUR SERVICE WHICH FULLY (BUT LIGHTLY) TESTS YOUR SERVICE'S ABILITY TO   !
!      USE THAT SERVICE. THINK OF IT AS A CONTINUOUS INTEGRATION TEST.         !
!!!!!!!!!!!!!!!!!!!!!!!!!!!!!!!!!!!!!!!!!!!!!!!!!!!!!!!!!!!!!!!!!!!!!!!!!!!!!!!!
!!!!!!!!!!!!!!!!!!!!!!!!!!!!!!!!!!!!!!!!!!!!!!!!!!!!!!!!!!!!!!!!!!!!!!!!!!!!!!!!
INFO  [2014-04-10 04:51:38,976] com.yammer.dropwizard.cli.ServerCommand: Starting library-service
INFO  [2014-04-10 04:51:38,978] org.eclipse.jetty.server.Server: jetty-8.1.10.v20130312
INFO  [2014-04-10 04:51:39,085] com.sun.jersey.server.impl.application.WebApplicationImpl: Initiating Jersey application, version 'Jersey: 1.17.1 02/28/2013 12:47 PM'
INFO  [2014-04-10 04:51:39,152] com.yammer.dropwizard.config.Environment: The following paths were found for the configured resources:

    DELETE  /library/v1/books/{isbn} (edu.sjsu.cmpe.library.api.resources.BookResource)
    GET     /library/v1/books/ (edu.sjsu.cmpe.library.api.resources.BookResource)
    GET     /library/v1/books/{isbn} (edu.sjsu.cmpe.library.api.resources.BookResource)
    POST    /library/v1/books (edu.sjsu.cmpe.library.api.resources.BookResource)
    PUT     /library/v1/books/{isbn} (edu.sjsu.cmpe.library.api.resources.BookResource)
    GET     /library/ (edu.sjsu.cmpe.library.ui.resources.HomeResource)
    GET     /library/v1/ (edu.sjsu.cmpe.library.api.resources.RootResource)

INFO  [2014-04-10 04:51:39,152] com.yammer.dropwizard.config.Environment: tasks = 

    POST    /tasks/gc (com.yammer.dropwizard.tasks.GarbageCollectionTask)

WARN  [2014-04-10 04:51:39,458] com.sun.jersey.spi.inject.Errors: The following warnings have been detected with resource and/or provider classes:
  WARNING: A sub-resource method, public edu.sjsu.cmpe.library.dto.BooksDto edu.sjsu.cmpe.library.api.resources.BookResource.getAllBooks(), with URI template, "/", is treated as a resource method
INFO  [2014-04-10 04:51:39,462] org.eclipse.jetty.server.AbstractConnector: Started InstrumentedBlockingChannelConnector@0.0.0.0:8002
INFO  [2014-04-10 04:51:39,464] org.eclipse.jetty.server.AbstractConnector: Started SocketConnector@0.0.0.0:9002
DEBUG [2014-04-10 04:51:55,716] edu.sjsu.cmpe.library.LibraryService: library-b - Queue name is /queue/32304.book.orders. Topic name is /topic/32304.book.computer
WARN  [2014-04-10 04:51:55,773] com.yammer.dropwizard.config.ServerFactory: 
!!!!!!!!!!!!!!!!!!!!!!!!!!!!!!!!!!!!!!!!!!!!!!!!!!!!!!!!!!!!!!!!!!!!!!!!!!!!!!!!
!!!!!!!!!!!!!!!!!!!!!!!!!!!!!!!!!!!!!!!!!!!!!!!!!!!!!!!!!!!!!!!!!!!!!!!!!!!!!!!!
!    THIS SERVICE HAS NO HEALTHCHECKS. THIS MEANS YOU WILL NEVER KNOW IF IT    !
!    DIES IN PRODUCTION, WHICH MEANS YOU WILL NEVER KNOW IF YOU'RE LETTING     !
!     YOUR USERS DOWN. YOU SHOULD ADD A HEALTHCHECK FOR EACH DEPENDENCY OF     !
!     YOUR SERVICE WHICH FULLY (BUT LIGHTLY) TESTS YOUR SERVICE'S ABILITY TO   !
!      USE THAT SERVICE. THINK OF IT AS A CONTINUOUS INTEGRATION TEST.         !
!!!!!!!!!!!!!!!!!!!!!!!!!!!!!!!!!!!!!!!!!!!!!!!!!!!!!!!!!!!!!!!!!!!!!!!!!!!!!!!!
!!!!!!!!!!!!!!!!!!!!!!!!!!!!!!!!!!!!!!!!!!!!!!!!!!!!!!!!!!!!!!!!!!!!!!!!!!!!!!!!
INFO  [2014-04-10 04:51:55,865] com.yammer.dropwizard.cli.ServerCommand: Starting library-service
INFO  [2014-04-10 04:51:55,867] org.eclipse.jetty.server.Server: jetty-8.1.10.v20130312
INFO  [2014-04-10 04:51:55,980] com.sun.jersey.server.impl.application.WebApplicationImpl: Initiating Jersey application, version 'Jersey: 1.17.1 02/28/2013 12:47 PM'
INFO  [2014-04-10 04:51:56,049] com.yammer.dropwizard.config.Environment: The following paths were found for the configured resources:

    DELETE  /library/v1/books/{isbn} (edu.sjsu.cmpe.library.api.resources.BookResource)
    GET     /library/v1/books/ (edu.sjsu.cmpe.library.api.resources.BookResource)
    GET     /library/v1/books/{isbn} (edu.sjsu.cmpe.library.api.resources.BookResource)
    POST    /library/v1/books (edu.sjsu.cmpe.library.api.resources.BookResource)
    PUT     /library/v1/books/{isbn} (edu.sjsu.cmpe.library.api.resources.BookResource)
    GET     /library/ (edu.sjsu.cmpe.library.ui.resources.HomeResource)
    GET     /library/v1/ (edu.sjsu.cmpe.library.api.resources.RootResource)

INFO  [2014-04-10 04:51:56,049] com.yammer.dropwizard.config.Environment: tasks = 

    POST    /tasks/gc (com.yammer.dropwizard.tasks.GarbageCollectionTask)

WARN  [2014-04-10 04:51:56,353] com.sun.jersey.spi.inject.Errors: The following warnings have been detected with resource and/or provider classes:
  WARNING: A sub-resource method, public edu.sjsu.cmpe.library.dto.BooksDto edu.sjsu.cmpe.library.api.resources.BookResource.getAllBooks(), with URI template, "/", is treated as a resource method
WARN  [2014-04-10 04:51:56,430] org.eclipse.jetty.util.component.AbstractLifeCycle: FAILED InstrumentedBlockingChannelConnector@0.0.0.0:8002: java.net.BindException: Address already in use: bind
! java.net.BindException: Address already in use: bind
! at sun.nio.ch.Net.bind0(Native Method) ~[na:1.7.0_25]
! at sun.nio.ch.Net.bind(Net.java:444) ~[na:1.7.0_25]
! at sun.nio.ch.Net.bind(Net.java:436) ~[na:1.7.0_25]
! at sun.nio.ch.ServerSocketChannelImpl.bind(ServerSocketChannelImpl.java:214) ~[na:1.7.0_25]
! at sun.nio.ch.ServerSocketAdaptor.bind(ServerSocketAdaptor.java:74) ~[na:1.7.0_25]
! at org.eclipse.jetty.server.nio.BlockingChannelConnector.open(BlockingChannelConnector.java:127) ~[jetty-server-8.1.10.v20130312.jar:8.1.10.v20130312]
! at org.eclipse.jetty.server.AbstractConnector.doStart(AbstractConnector.java:316) ~[jetty-server-8.1.10.v20130312.jar:8.1.10.v20130312]
! at org.eclipse.jetty.server.nio.BlockingChannelConnector.doStart(BlockingChannelConnector.java:85) ~[jetty-server-8.1.10.v20130312.jar:8.1.10.v20130312]
! at org.eclipse.jetty.util.component.AbstractLifeCycle.start(AbstractLifeCycle.java:64) [jetty-util-8.1.10.v20130312.jar:8.1.10.v20130312]
! at org.eclipse.jetty.server.Server.doStart(Server.java:291) ~[jetty-server-8.1.10.v20130312.jar:8.1.10.v20130312]
! at org.eclipse.jetty.util.component.AbstractLifeCycle.start(AbstractLifeCycle.java:64) [jetty-util-8.1.10.v20130312.jar:8.1.10.v20130312]
! at com.yammer.dropwizard.cli.ServerCommand.run(ServerCommand.java:48) ~[dropwizard-core-0.6.2.jar:na]
! at com.yammer.dropwizard.cli.EnvironmentCommand.run(EnvironmentCommand.java:39) ~[dropwizard-core-0.6.2.jar:na]
! at com.yammer.dropwizard.cli.ConfiguredCommand.run(ConfiguredCommand.java:58) ~[dropwizard-core-0.6.2.jar:na]
! at com.yammer.dropwizard.cli.Cli.run(Cli.java:53) ~[dropwizard-core-0.6.2.jar:na]
! at com.yammer.dropwizard.Service.run(Service.java:61) ~[dropwizard-core-0.6.2.jar:na]
! at edu.sjsu.cmpe.library.LibraryService.main(LibraryService.java:31) ~[classes/:na]
WARN  [2014-04-10 04:51:56,431] org.eclipse.jetty.util.component.AbstractLifeCycle: FAILED SocketConnector@0.0.0.0:9002: java.net.BindException: Address already in use: JVM_Bind
! java.net.BindException: Address already in use: JVM_Bind
! at java.net.DualStackPlainSocketImpl.bind0(Native Method) ~[na:1.7.0_25]
! at java.net.DualStackPlainSocketImpl.socketBind(DualStackPlainSocketImpl.java:106) ~[na:1.7.0_25]
! at java.net.AbstractPlainSocketImpl.bind(AbstractPlainSocketImpl.java:376) ~[na:1.7.0_25]
! at java.net.PlainSocketImpl.bind(PlainSocketImpl.java:190) ~[na:1.7.0_25]
! at java.net.ServerSocket.bind(ServerSocket.java:376) ~[na:1.7.0_25]
! at java.net.ServerSocket.<init>(ServerSocket.java:237) ~[na:1.7.0_25]
! at java.net.ServerSocket.<init>(ServerSocket.java:181) ~[na:1.7.0_25]
! at org.eclipse.jetty.server.bio.SocketConnector.newServerSocket(SocketConnector.java:96) ~[jetty-server-8.1.10.v20130312.jar:8.1.10.v20130312]
! at org.eclipse.jetty.server.bio.SocketConnector.open(SocketConnector.java:85) ~[jetty-server-8.1.10.v20130312.jar:8.1.10.v20130312]
! at org.eclipse.jetty.server.AbstractConnector.doStart(AbstractConnector.java:316) ~[jetty-server-8.1.10.v20130312.jar:8.1.10.v20130312]
! at org.eclipse.jetty.server.bio.SocketConnector.doStart(SocketConnector.java:156) ~[jetty-server-8.1.10.v20130312.jar:8.1.10.v20130312]
! at org.eclipse.jetty.util.component.AbstractLifeCycle.start(AbstractLifeCycle.java:64) [jetty-util-8.1.10.v20130312.jar:8.1.10.v20130312]
! at org.eclipse.jetty.server.Server.doStart(Server.java:291) ~[jetty-server-8.1.10.v20130312.jar:8.1.10.v20130312]
! at org.eclipse.jetty.util.component.AbstractLifeCycle.start(AbstractLifeCycle.java:64) [jetty-util-8.1.10.v20130312.jar:8.1.10.v20130312]
! at com.yammer.dropwizard.cli.ServerCommand.run(ServerCommand.java:48) ~[dropwizard-core-0.6.2.jar:na]
! at com.yammer.dropwizard.cli.EnvironmentCommand.run(EnvironmentCommand.java:39) ~[dropwizard-core-0.6.2.jar:na]
! at com.yammer.dropwizard.cli.ConfiguredCommand.run(ConfiguredCommand.java:58) ~[dropwizard-core-0.6.2.jar:na]
! at com.yammer.dropwizard.cli.Cli.run(Cli.java:53) ~[dropwizard-core-0.6.2.jar:na]
! at com.yammer.dropwizard.Service.run(Service.java:61) ~[dropwizard-core-0.6.2.jar:na]
! at edu.sjsu.cmpe.library.LibraryService.main(LibraryService.java:31) ~[classes/:na]
WARN  [2014-04-10 04:51:56,432] org.eclipse.jetty.util.component.AbstractLifeCycle: FAILED org.eclipse.jetty.server.Server@7e35ab86: MultiException[java.net.BindException: Address already in use: bind, java.net.BindException: Address already in use: JVM_Bind]
! org.eclipse.jetty.util.MultiException: Multiple exceptions
! at org.eclipse.jetty.server.Server.doStart(Server.java:273) ~[jetty-server-8.1.10.v20130312.jar:8.1.10.v20130312]
! at org.eclipse.jetty.util.component.AbstractLifeCycle.start(AbstractLifeCycle.java:64) ~[jetty-util-8.1.10.v20130312.jar:8.1.10.v20130312]
! at com.yammer.dropwizard.cli.ServerCommand.run(ServerCommand.java:48) ~[dropwizard-core-0.6.2.jar:na]
! at com.yammer.dropwizard.cli.EnvironmentCommand.run(EnvironmentCommand.java:39) ~[dropwizard-core-0.6.2.jar:na]
! at com.yammer.dropwizard.cli.ConfiguredCommand.run(ConfiguredCommand.java:58) ~[dropwizard-core-0.6.2.jar:na]
! at com.yammer.dropwizard.cli.Cli.run(Cli.java:53) ~[dropwizard-core-0.6.2.jar:na]
! at com.yammer.dropwizard.Service.run(Service.java:61) ~[dropwizard-core-0.6.2.jar:na]
! at edu.sjsu.cmpe.library.LibraryService.main(LibraryService.java:31) ~[classes/:na]
ERROR [2014-04-10 04:51:56,432] com.yammer.dropwizard.cli.ServerCommand: Unable to start server, shutting down
! org.eclipse.jetty.util.MultiException: Multiple exceptions
! at org.eclipse.jetty.server.Server.doStart(Server.java:273) ~[jetty-server-8.1.10.v20130312.jar:8.1.10.v20130312]
! at org.eclipse.jetty.util.component.AbstractLifeCycle.start(AbstractLifeCycle.java:64) ~[jetty-util-8.1.10.v20130312.jar:8.1.10.v20130312]
! at com.yammer.dropwizard.cli.ServerCommand.run(ServerCommand.java:48) ~[dropwizard-core-0.6.2.jar:na]
! at com.yammer.dropwizard.cli.EnvironmentCommand.run(EnvironmentCommand.java:39) ~[dropwizard-core-0.6.2.jar:na]
! at com.yammer.dropwizard.cli.ConfiguredCommand.run(ConfiguredCommand.java:58) ~[dropwizard-core-0.6.2.jar:na]
! at com.yammer.dropwizard.cli.Cli.run(Cli.java:53) ~[dropwizard-core-0.6.2.jar:na]
! at com.yammer.dropwizard.Service.run(Service.java:61) ~[dropwizard-core-0.6.2.jar:na]
! at edu.sjsu.cmpe.library.LibraryService.main(LibraryService.java:31) ~[classes/:na]
INFO  [2014-04-10 04:51:56,432] org.eclipse.jetty.server.Server: Graceful shutdown SocketConnector@0.0.0.0:9002
INFO  [2014-04-10 04:51:56,432] org.eclipse.jetty.server.Server: Graceful shutdown InstrumentedBlockingChannelConnector@0.0.0.0:8002
INFO  [2014-04-10 04:51:56,432] org.eclipse.jetty.server.Server: Graceful shutdown o.e.j.s.ServletContextHandler{/,null}
INFO  [2014-04-10 04:51:56,432] org.eclipse.jetty.server.Server: Graceful shutdown o.e.j.s.ServletContextHandler{/,file:/C:/Users/Kinnera/Downloads/test/cmpe273-assignment2-master/library/target/classes/}
INFO  [2014-04-10 04:51:58,434] org.eclipse.jetty.server.handler.ContextHandler: stopped o.e.j.s.ServletContextHandler{/,file:/C:/Users/Kinnera/Downloads/test/cmpe273-assignment2-master/library/target/classes/}
INFO  [2014-04-10 04:51:58,435] org.eclipse.jetty.server.handler.ContextHandler: stopped o.e.j.s.ServletContextHandler{/,null}
WARN  [2014-04-10 04:51:58,552] org.eclipse.jetty.util.thread.QueuedThreadPool: 2 threads could not be stopped
